[debug] [2022-09-23T10:07:01.625Z] ----------------------------------------------------------------------
[debug] [2022-09-23T10:07:01.630Z] Command:       C:\Program Files\nodejs\node.exe C:\Users\HP\AppData\Roaming\npm\node_modules\firebase-tools\lib\bin\firebase.js init
[debug] [2022-09-23T10:07:01.631Z] CLI Version:   10.9.2
[debug] [2022-09-23T10:07:01.631Z] Platform:      win32
[debug] [2022-09-23T10:07:01.631Z] Node Version:  v16.13.1
[debug] [2022-09-23T10:07:01.638Z] Time:          Fri Sep 23 2022 13:07:01 GMT+0300 (East Africa Time)
[debug] [2022-09-23T10:07:01.639Z] ----------------------------------------------------------------------
[debug] 
[debug] [2022-09-23T10:07:01.648Z] >>> [apiv2][query] GET https://firebase-public.firebaseio.com/cli.json [none]
[debug] [2022-09-23T10:07:01.712Z] > command requires scopes: ["email","openid","https://www.googleapis.com/auth/cloudplatformprojects.readonly","https://www.googleapis.com/auth/firebase","https://www.googleapis.com/auth/cloud-platform"]
[debug] [2022-09-23T10:07:01.713Z] > authorizing via signed-in user (theeoligarchy@gmail.com)
[info] 
     ######## #### ########  ######## ########     ###     ######  ########
     ##        ##  ##     ## ##       ##     ##  ##   ##  ##       ##
     ######    ##  ########  ######   ########  #########  ######  ######
     ##        ##  ##    ##  ##       ##     ## ##     ##       ## ##
     ##       #### ##     ## ######## ########  ##     ##  ######  ########

You're about to initialize a Firebase project in this directory:

  D:\UBUNIFUPROJECT\REACT-TUTORIAL\kateabedfirebase

[debug] [2022-09-23T10:07:02.670Z] <<< [apiv2][status] GET https://firebase-public.firebaseio.com/cli.json 200
[debug] [2022-09-23T10:07:02.671Z] <<< [apiv2][body] GET https://firebase-public.firebaseio.com/cli.json {"cloudBuildErrorAfter":1594252800000,"cloudBuildWarnAfter":1590019200000,"defaultNode10After":1594252800000,"minVersion":"3.0.5","node8DeploysDisabledAfter":1613390400000,"node8RuntimeDisabledAfter":1615809600000,"node8WarnAfter":1600128000000}
